<?xml version="1.0" encoding="UTF-8"?>
<!-- Generated by org.testng.reporters.JUnitReportReporter -->
<testsuite hostname="Debu" failures="0" tests="5" name="TestRunner.MyTestRunner2" time="59.906" errors="0" timestamp="2025-09-08T00:40:04 IST" skipped="0">
  <testcase classname="TestRunner.MyTestRunner2" name="runScenario" time="7.283"/>
  <testcase classname="TestRunner.MyTestRunner2" name="runScenario" time="9.443"/>
  <testcase classname="TestRunner.MyTestRunner2" name="runScenario" time="10.035"/>
  <testcase classname="TestRunner.MyTestRunner2" name="runScenario" time="29.486"/>
  <testcase classname="TestRunner.MyTestRunner2" name="runScenario" time="3.659"/>
</testsuite> <!-- TestRunner.MyTestRunner2 -->
